<?xml version="1.0" encoding="UTF-8"?>
<!-- Generated by org.testng.reporters.JUnitXMLReporter -->
<testsuite ignored="0" hostname="veeru05" failures="1" tests="1" name="Default test" time="52.007" errors="0" timestamp="2025-03-16T20:58:28 IST">
  <testcase classname="io.cucumber.testng.AbstractTestNGCucumberTests" name="runScenario" time="49.403">
    <failure type="java.lang.AssertionError" message="
Expected: is &amp;lt;false&amp;gt;
     but: was &amp;lt;true&amp;gt;">
      <![CDATA[java.lang.AssertionError: 
Expected: is <false>
     but: was <true>
at org.hamcrest.MatcherAssert.assertThat(MatcherAssert.java:20)
at org.hamcrest.MatcherAssert.assertThat(MatcherAssert.java:8)
at stepDefinitions.TablesPageStepDefinition.verifyColumnsHeaderOfTheTablePage(TablesPageStepDefinition.java:51)
at ✽.Verify Columns Header Of The Table Page(file:///C:/Users/Leovon/eclipse-workspace/QuickBaseDemo/Mallesh/quickb/src/test/java/features/Tables.feature:15)
]]>
    </failure>
  </testcase> <!-- runScenario -->
</testsuite> <!-- Default test -->
