<?xml version="1.0" encoding="UTF-8"?>
<testng-results ignored="0" total="1" passed="0" failed="1" skipped="0">
  <reporter-output>
  </reporter-output>
  <suite started-at="2025-03-16T20:57:36 IST" name="Default suite" finished-at="2025-03-16T20:58:28 IST" duration-ms="52007">
    <groups>
      <group name="cucumber">
        <method signature="AbstractTestNGCucumberTests.runScenario(io.cucumber.testng.PickleWrapper,io.cucumber.testng.FeatureWrapper)[pri:0, instance:cucumberOptions.TestNGTestRunner@68267da0]" name="runScenario" class="io.cucumber.testng.AbstractTestNGCucumberTests"/>
      </group> <!-- cucumber -->
    </groups>
    <test started-at="2025-03-16T20:57:36 IST" name="Default test" finished-at="2025-03-16T20:58:28 IST" duration-ms="52007">
      <class name="cucumberOptions.TestNGTestRunner">
        <test-method is-config="true" signature="setUpClass(org.testng.ITestContext)[pri:0, instance:cucumberOptions.TestNGTestRunner@68267da0]" started-at="2025-03-16T20:57:36 IST" name="setUpClass" finished-at="2025-03-16T20:57:38 IST" duration-ms="1810" status="PASS">
          <params>
            <param index="0">
              <value>
                <![CDATA[org.testng.TestRunner@357f6391]]>
              </value>
            </param>
          </params>
          <reporter-output>
          </reporter-output>
        </test-method> <!-- setUpClass -->
        <test-method signature="runScenario(io.cucumber.testng.PickleWrapper,io.cucumber.testng.FeatureWrapper)[pri:0, instance:cucumberOptions.TestNGTestRunner@68267da0]" started-at="2025-03-16T20:57:38 IST" name="runScenario" description="Runs Cucumber Scenarios" data-provider="scenarios" finished-at="2025-03-16T20:58:27 IST" duration-ms="49403" status="FAIL">
          <params>
            <param index="0">
              <value>
                <![CDATA["Verify Columns Header Of The Table Page"]]>
              </value>
            </param>
            <param index="1">
              <value>
                <![CDATA["Verify the Table feature functionalities"]]>
              </value>
            </param>
          </params>
          <exception class="java.lang.AssertionError">
            <message>
              <![CDATA[
Expected: is <false>
     but: was <true>]]>
            </message>
            <full-stacktrace>
              <![CDATA[java.lang.AssertionError: 
Expected: is <false>
     but: was <true>
at org.hamcrest.MatcherAssert.assertThat(MatcherAssert.java:20)
at org.hamcrest.MatcherAssert.assertThat(MatcherAssert.java:8)
at stepDefinitions.TablesPageStepDefinition.verifyColumnsHeaderOfTheTablePage(TablesPageStepDefinition.java:51)
at ✽.Verify Columns Header Of The Table Page(file:///C:/Users/Leovon/eclipse-workspace/QuickBaseDemo/Mallesh/quickb/src/test/java/features/Tables.feature:15)
]]>
            </full-stacktrace>
          </exception> <!-- java.lang.AssertionError -->
          <reporter-output>
          </reporter-output>
        </test-method> <!-- runScenario -->
        <test-method is-config="true" signature="tearDownClass()[pri:0, instance:cucumberOptions.TestNGTestRunner@68267da0]" started-at="2025-03-16T20:58:27 IST" name="tearDownClass" finished-at="2025-03-16T20:58:28 IST" duration-ms="700" status="PASS">
          <reporter-output>
          </reporter-output>
        </test-method> <!-- tearDownClass -->
      </class> <!-- cucumberOptions.TestNGTestRunner -->
    </test> <!-- Default test -->
  </suite> <!-- Default suite -->
</testng-results>
